raw   |['among', 'large', 'population', 'in', 'china', 'who', 'are', 'burdened', 'with', 'hearing', 'impairment', 'having', 'an', 'efficient', 'interaction', 'with', 'the', 'rest', 'of', 'the', 'world', 'is', 'probably', 'the', 'largest', 'obstacle', 'to', 'retain', 'a', 'normal', 'social', 'life']
tiny  |['among', 'large', 'population', 'in', 'china', 'who', 'are', 'burdened', 'with', 'hearing', 'impairment', 'having', 'an', 'efficient', 'interaction', 'with', 'the', 'rest', 'of', 'the', 'world', 'is', 'probably', 'the', 'largest', 'obstacle', 'to', 'retain', 'a', 'normal', 'social', 'life']
base  |['among', 'large', 'population', 'in', 'china', 'who', 'are', 'burdened', 'with', 'hearing', 'impairment', 'having', 'an', 'efficient', 'interaction', 'with', 'the', 'rest', 'of', 'the', 'world', 'is', 'probably', 'the', 'largest', 'obstacle', 'to', 'retain', 'a', 'normal', 'social', 'life']
small |['among', 'large', 'population', 'in', 'china', 'who', 'are', 'burdened', 'with', 'hearing', 'impairment', 'having', 'an', 'efficient', 'interaction', 'with', 'the', 'rest', 'of', 'the', 'world', 'is', 'probably', 'the', 'largest', 'obstacle', 'to', 'retain', 'a', 'normal', 'social', 'life']
medium|['among', 'large', 'population', 'in', 'china', 'who', 'are', 'burdened', 'with', 'hearing', 'impairment', 'having', 'an', 'efficient', 'interaction', 'with', 'the', 'rest', 'of', 'the', 'world', 'is', 'probably', 'the', 'largest', 'obstacle', 'to', 'retain', 'a', 'normal', 'social', 'life']
large |['among', 'large', 'population', 'in', 'china', 'who', 'are', 'burdened', 'with', 'hearing', 'impairment', 'having', 'an', 'efficient', 'interaction', 'with', 'the', 'rest', 'of', 'the', 'world', 'is', 'probably', 'the', 'largest', 'obstacle', 'to', 'retain', 'a', 'normal', 'social', 'life']

raw   |['if', 'we', 'cannot', 'hear', 'then', 'we', 'cannot', 'communicate', 'meaning', 'that', 'we', 'would', 'never', 'involve', 'ourselves', 'in', 'this', 'society', 'said', 'shi', 'chengchuan', 'ceo', 'of', 'a', 'startup', 'developing', 'a', 'voicetext', 'transfer', 'application']
tiny  |['if', 'we', 'cannot', 'hear', 'then', 'we', 'cannot', 'communicate', 'meaning', 'that', 'we', 'would', 'never', 'involve', 'ourselves', 'in', 'this', 'society', 'such', 'as', 'jim', 'twann', 'ceo', 'of', 'a', 'startup', 'developing', 'a', 'voice', 'text', 'transfer', 'application']
base  |['if', 'we', 'cannot', 'hear', 'then', 'we', 'cannot', 'communicate', 'meaning', 'that', 'we', 'would', 'never', 'involve', 'ourselves', 'in', 'this', 'society', 'such', 'as', 'kim', 'chuan', 'ceo', 'of', 'a', 'startup', 'developing', 'a', 'voice', 'text', 'transfer', 'application']
small |['if', 'we', 'cannot', 'hear', 'then', 'we', 'cannot', 'communicate', 'meaning', 'that', 'we', 'would', 'never', 'involve', 'ourselves', 'in', 'this', 'society', 'said', 'sharchim', 'chuan', 'ceo', 'of', 'a', 'startup', 'developing', 'a', 'voice', 'text', 'transfer', 'application']
medium|['if', 'we', 'cannot', 'hear', 'then', 'we', 'cannot', 'communicate', 'meaning', 'that', 'we', 'would', 'never', 'involve', 'ourselves', 'in', 'this', 'society', 'said', 'xiuqing', 'chuan', 'ceo', 'of', 'a', 'startup', 'developing', 'a', 'voice', 'text', 'transfer', 'application']
large |['if', 'we', 'cannot', 'hear', 'then', 'we', 'cannot', 'communicate', 'meaning', 'that', 'we', 'would', 'never', 'involve', 'ourselves', 'in', 'this', 'society', 'said', 'xiuqing', 'chuan', 'ceo', 'of', 'a', 'startup', 'developing', 'a', 'voice', 'text', 'transfer', 'application']

raw   |['also', 'suffering', 'from', 'hearing', 'loss', 'shi', 'was', 'lucky', 'enough', 'to', 'make', 'a', 'living', 'for', 'himself', 'with', 'a', 'decent', 'office', 'job', 'but', 'for', 'others', 'with', 'a', 'similar', 'condition', 'things', 'are', 'more', 'difficult']
tiny  |['suffering', 'from', 'hearing', 'loss', 'sure', 'was', 'lucky', 'enough', 'to', 'make', 'a', 'living', 'for', 'himself', 'with', 'a', 'decent', 'office', 'job', 'but', 'for', 'others', 'with', 'a', 'similar', 'condition', 'things', 'are', 'more', 'difficult']
base  |['suffering', 'from', 'hearing', 'loss', 'sher', 'was', 'lucky', 'enough', 'to', 'make', 'a', 'living', 'for', 'himself', 'with', 'a', 'decent', 'office', 'job', 'but', 'for', 'others', 'with', 'a', 'similar', 'condition', 'things', 'are', 'more', 'difficult']
small |['suffering', 'from', 'hearing', 'loss', 'sure', 'was', 'lucky', 'enough', 'to', 'make', 'a', 'living', 'for', 'himself', 'with', 'a', 'decent', 'office', 'job', 'but', 'for', 'others', 'with', 'a', 'similar', 'condition', 'things', 'are', 'more', 'difficult']
medium|['suffering', 'from', 'hearing', 'loss', 'sure', 'was', 'lucky', 'enough', 'to', 'make', 'a', 'living', 'for', 'himself', 'with', 'a', 'decent', 'office', 'job', 'but', 'for', 'others', 'with', 'a', 'similar', 'condition', 'things', 'are', 'more', 'difficult']
large |['sure', 'was', 'lucky', 'enough', 'to', 'make', 'a', 'living', 'for', 'himself', 'with', 'a', 'decent', 'office', 'job', 'but', 'in', 'a', 'similar', 'condition', 'things', 'are', 'more', 'difficult']

raw   |['i', 'have', 'a', 'friend', 'studying', 'as', 'an', 'accountant', 'in', 'college', 'but', 'he', 'was', 'refused', 'repeatedly', 'by', 'employers', 'because', 'of', 'the', 'same', 'reason', 'shi', 'recalled']
tiny  |['i', 'have', 'a', 'friend', 'studying', 'as', 'an', 'accountant', 'in', 'college', 'but', 'he', 'was', 'refused', 'repeatedly', 'by', 'employers', 'because', 'of', 'the', 'same', 'reason', 'sure', 'recalled']
base  |['i', 'have', 'a', 'friend', 'studying', 'as', 'an', 'accountant', 'in', 'college', 'but', 'he', 'was', 'refused', 'repeatedly', 'by', 'employers', 'because', 'of', 'the', 'same', 'reason', 'sure', 'recalled']
small |['i', 'have', 'a', 'friend', 'studying', 'as', 'an', 'accountant', 'in', 'college', 'but', 'he', 'was', 'refused', 'repeatedly', 'by', 'employers', 'because', 'of', 'the', 'same', 'reason', 'sure', 'recalled']
medium|['i', 'have', 'a', 'friend', 'studying', 'as', 'an', 'accountant', 'in', 'college', 'but', 'he', 'was', 'refused', 'repeatedly', 'by', 'employers', 'because', 'of', 'the', 'same', 'reason', 'sure', 'recalled']
large |['i', 'have', 'a', 'friend', 'studying', 'as', 'an', 'accountant', 'in', 'college', 'but', 'he', 'was', 'refused', 'repeatedly', 'by', 'employers', 'because', 'of', 'the', 'same', 'reason', 'sher', 'recalled']

raw   |['the', 'ministry', 'of', 'public', 'security', 'and', 'the', 'national', 'administration', 'of', 'disease', 'prevention', 'and', 'control', 'said', 'on', 'wednesday', 'that', 'the', 'utmost', 'efforts', 'will', 'be', 'required', 'to', 'make', 'sure', 'that', 'the', 'exam', 'which', 'takes', 'place', 'from', 'saturday', 'to', 'monday', 'runs', 'smoothly', 'local', 'authorities', 'should', 'prioritize', 'offering', 'nucleic', 'acid', 'tests', 'to', 'entrants', 'and', 'provide', 'the', 'results', 'to', 'entrants', 'and', 'test', 'centers', 'in', 'a', 'timely', 'manner', 'according', 'to', 'a', 'release', 'from', 'the', 'ministry', 'of', 'education']
tiny  |['the', 'ministry', 'of', 'public', 'security', 'and', 'the', 'national', 'administration', 'of', 'disease', 'prevention', 'and', 'control', 'said', 'on', 'wednesday', 'that', 'the', 'utmost', 'efforts', 'will', 'be', 'required', 'to', 'make', 'sure', 'that', 'the', 'exam', 'which', 'takes', 'place', 'from', 'saturday', 'to', 'monday', 'runs', 'smoothly', 'local', 'authorities', 'should', 'prioritize', 'offering', 'new', 'plague', 'acid', 'tests', 'to', 'entrance', 'and', 'provide', 'the', 'results', 'to', 'entrance', 'and', 'test', 'centers', 'in', 'a', 'timely', 'manner', 'according', 'to', 'a', 'release', 'from', 'the', 'ministry', 'of', 'education']
base  |['the', 'ministry', 'of', 'public', 'security', 'and', 'the', 'national', 'administration', 'of', 'disease', 'prevention', 'and', 'control', 'said', 'on', 'wednesday', 'that', 'the', 'utmost', 'efforts', 'will', 'be', 'required', 'to', 'make', 'sure', 'that', 'the', 'exam', 'which', 'takes', 'place', 'from', 'saturday', 'to', 'monday', 'runs', 'smoothly', 'local', 'authorities', 'should', 'prioritize', 'offering', 'nucleic', 'acid', 'tests', 'to', 'entrance', 'and', 'provide', 'the', 'results', 'to', 'entrance', 'and', 'test', 'centers', 'in', 'a', 'timely', 'manner', 'according', 'to', 'a', 'release', 'from', 'the', 'ministry', 'of', 'education']
small |['the', 'ministry', 'of', 'public', 'security', 'and', 'the', 'national', 'administration', 'of', 'disease', 'prevention', 'and', 'controls', 'said', 'on', 'wednesday', 'that', 'the', 'utmost', 'efforts', 'will', 'be', 'required', 'to', 'make', 'sure', 'that', 'the', 'exam', 'which', 'takes', 'place', 'from', 'saturday', 'to', 'monday', 'runs', 'smoothly', 'local', 'authorities', 'should', 'prioritize', 'offering', 'nucleic', 'acid', 'tests', 'to', 'entrance', 'and', 'provide', 'the', 'results', 'to', 'entrance', 'and', 'test', 'centers', 'in', 'a', 'timely', 'manner', 'according', 'to', 'a', 'release', 'from', 'the', 'ministry', 'of', 'education']
medium|['the', 'ministry', 'of', 'public', 'security', 'and', 'the', 'national', 'administration', 'of', 'disease', 'prevention', 'and', 'control', 'said', 'on', 'wednesday', 'that', 'the', 'utmost', 'efforts', 'will', 'be', 'required', 'to', 'make', 'sure', 'that', 'the', 'exam', 'which', 'takes', 'place', 'from', 'saturday', 'to', 'monday', 'runs', 'smoothly', 'local', 'authorities', 'should', 'prioritize', 'offering', 'nucleic', 'acid', 'tests', 'to', 'entrants', 'and', 'provide', 'the', 'results', 'to', 'entrants', 'and', 'test', 'centers', 'in', 'a', 'timely', 'manner', 'according', 'to', 'a', 'release', 'from', 'the', 'ministry', 'of', 'education']
large |['the', 'ministry', 'of', 'public', 'security', 'and', 'the', 'national', 'administration', 'of', 'disease', 'prevention', 'and', 'control', 'said', 'on', 'wednesday', 'that', 'the', 'utmost', 'efforts', 'will', 'be', 'required', 'to', 'make', 'sure', 'that', 'the', 'exam', 'which', 'takes', 'place', 'from', 'saturday', 'to', 'monday', 'runs', 'smoothly', 'local', 'authorities', 'should', 'prioritise', 'offering', 'nucleic', 'acid', 'tests', 'to', 'entrants', 'and', 'provide', 'the', 'results', 'to', 'entrants', 'and', 'test', 'centres', 'in', 'a', 'timely', 'manner', 'according', 'to', 'a', 'release', 'from', 'the', 'ministry', 'of', 'education']

raw   |['they', 'all', 'say', 'that', 'he', 'is', 'very', 'talented', 'in', 'his', 'studies', 'but', 'he', 'just', 'feels', 'that', 'he', 'studies', 'harder', 'than', 'others', 'but', 'his', 'friends', "don't", 'believe', 'him']
tiny  |['they', 'all', 'see', 'that', "he's", 'very', 'talented', 'in', 'his', 'studies', 'but', 'he', 'just', 'feels', 'that', "he's", "he's", 'that', 'is', 'hotter', 'than', 'others', 'but', 'his', 'friends', "don't", 'believe', 'him']
base  |['the', 'aussie', 'died', 'he', 'is', 'very', 'talented', 'in', 'his', 'studies', 'but', 'he', 'just', 'feels', 'that', 'he', 'studies', 'harder', 'than', 'others', 'but', 'his', 'friends', "don't", 'believe', 'him']
small |['they', 'all', 'say', 'that', 'he', 'is', 'very', 'talented', 'in', 'his', 'studies', 'but', 'he', 'just', 'feels', 'that', 'he', 'studies', 'harder', 'than', 'others', 'but', 'his', 'friends', "don't", 'believe', 'him']
medium|['they', 'all', 'say', 'that', 'he', 'is', 'very', 'talented', 'in', 'his', 'studies', 'but', 'he', 'just', 'feels', 'that', 'his', 'study', 'is', 'harder', 'than', 'others', 'but', 'his', 'friends', "don't", 'believe', 'him']
large |['they', 'all', 'say', 'that', 'he', 'is', 'very', 'talented', 'in', 'his', 'studies', 'but', 'he', 'just', 'feels', 'that', 'he', 'studies', 'harder', 'than', 'others', 'but', 'his', 'friends', "don't", 'believe', 'him']

raw   |['他们都说他在学习上十分的有天赋,但是他只是觉得自己在学习上比其他人更加努力,所以他的朋友都不相信他。']
tiny  |['他们都说他在学习上十分的有天赋', '但是他只是觉得自己在学习上比其他人更加努力', '所以他的朋友都不相信他']
base  |['他们都说他在学习上十分的有天赋', '但是他只是觉得自己在学习上比其他人更加努力', '所以他的朋友都不相信他。']
small |['他们都说他在学习上十分的有天赋', '但是他只是觉得自己在学习上比其他人更加努力', '所以他的朋友都不相信他']
medium|['他们都说他在学习上十分有天赋,但是他只是觉得自己在学习上比其他人更加努力,所以他的朋友都不相信他。']
large |['他们都说他在学习上十分的有天赋', '但是他只是觉得自己在学习上比其他人更加努力', '所以他的朋友都不相信他。']

===================Score==================
         AI1  AI2  AI3  AI4  AI5  AI6  AI7
tiny    100   70   90   95   80   85   95
base    100   70   90   95   90   80   95
small   100   80   90   95   85  100   95
medium  100   80   90   95  100   95   95
large   100   80   85   95   90  100   95 
==========================================
